2013-07-01 15:10:31 HiveExt: [Information] HiveExt f20dbd5b6625
2013-07-01 15:10:31 Database: [Information] Connected to MySQL database 127.0.0.1:3306/dayz_epoch client ver: 5.5.28 server ver: 5.5.25a
2013-07-01 15:10:31 Database: [Information] Connected to MySQL database 127.0.0.1:3306/dayz_epoch client ver: 5.5.28 server ver: 5.5.25a
2013-07-01 15:10:31 HiveExt: [Information] Method: 302 Params: 6:
2013-07-01 15:10:31 HiveExt: [Information] Result: ["ObjectStreamStart",0]
2013-07-01 15:10:31 HiveExt: [Information] Method: 307 Params: 
2013-07-01 15:10:31 HiveExt: [Information] Result: ["PASS",[2013,7,1,15,10]]
2013-07-01 15:11:16 HiveExt: [Information] Method: 101 Params: 34006278:6:Romanta:
2013-07-01 15:11:16 HiveExt: [Information] Result: ["PASS",false,"7",[212,[4648.81,11700.1,0.001]],[["BAF_L85A2_RIS_Holo","Binocular","UZI_EP1","ItemFlashlight","ItemKnife","ItemWatch","ItemMap","ItemHatchet","ItemToolbox","ItemKeyRed1092","ItemEtool","ItemKeyYellow2292","ItemCrowbar","ItemMatchbox"],["ItemSodaCoke","FoodCanPasta","PartWheel","FoodCanBakedBeans","30Rnd_9x19_UZI_SD","30Rnd_9x19_UZI_SD","17Rnd_9x19_glock17","30Rnd_9x19_UZI_SD","ItemBandage","17Rnd_9x19_glock17","ItemBandage"]],["DZ_Backpack_EP1",[[],[]],[["ItemTankTrap"],[35]]],[650,1595,1595],"CZ_Special_Forces_GL_DES_EP1_DZ",0.96]
2013-07-01 15:11:17 HiveExt: [Information] Method: 102 Params: 7:
2013-07-01 15:11:17 HiveExt: [Information] Result: ["PASS",[false,false,false,false,true,false,true,4935.98,[],[0.968,0],0,[488.845,841.885]],[64,38,0,0],["UZI_EP1","aidlpknlmstpsraswpstdnon_player_idlesteady02",42],[212,[4648.81,11700.1,0.001]],14010,11]
2013-07-01 15:11:49 HiveExt: [Information] Method: 103 Params: 34006278:7:0:
2013-07-01 15:11:49 HiveExt: [Information] Result: ["PASS"]
2013-07-01 15:13:27 HiveExt: [Information] Method: 202 Params: 7:0:0:
2013-07-01 15:13:27 HiveExt: [Information] Result: ["PASS"]
2013-07-01 15:13:45 HiveExt: [Information] Method: 103 Params: 34006278:7:2:
2013-07-01 15:13:45 HiveExt: [Information] Result: ["PASS"]
2013-07-01 15:13:56 HiveExt: [Information] Method: 101 Params: 34006278:6:Romanta:
2013-07-01 15:13:56 HiveExt: [Information] Result: ["PASS",false,"4",[213,[6678.5,2866.64,0]],[["ItemFlashlight","ItemHatchet","AK_74","UZI_EP1","Binocular","ItemKnife","ItemToolbox","ItemKeyKit"],["ItemPainkiller",["30Rnd_545x39_AK",26],"30Rnd_545x39_AK","PartFueltank","ItemBandage","ItemBandage","ItemBandage","ItemBandage"]],["DZ_CivilBackpack_EP1",[[],[]],[["ItemAntibiotic","Skin_Survivor2_DZ","30Rnd_762x39_AK47","SmokeShellRed","ItemPainkiller","30Rnd_556x45_Stanag","ItemSodaPepsi","ItemMorphine","30Rnd_9x19_MP5SD","ItemJerrycan","PartGeneric"],[1,1,2,1,1,1,1,2,1,1,1]]],[97,1698,1698],"GUE_Soldier_Crew_DZ",0.96]
2013-07-01 15:13:57 HiveExt: [Information] Method: 102 Params: 4:
2013-07-01 15:13:57 HiveExt: [Information] Result: ["PASS",[false,false,false,false,true,false,true,9585.65,[],[0.101,0],0,[175.368,170.819]],[32,32,0,0],["","",42],[213,[6678.5,2866.64,0]],14005,11]
2013-07-01 15:14:04 HiveExt: [Information] Method: 103 Params: 34006278:4:0:
2013-07-01 15:14:04 HiveExt: [Information] Result: ["PASS"]
2013-07-01 15:14:04 HiveExt: [Information] Method: 201 Params: 4:[0,[10355.5,1597.51,0.002]]:[[ItemFlashlight,ItemHatchet,AK_74,UZI_EP1,Binocular,ItemKnife,ItemToolbox,ItemKeyKit],[]]:[DZ_CivilBackpack_EP1,[[],[]],[[ItemAntibiotic,Skin_Survivor2_DZ,30Rnd_762x39_AK47,SmokeShellRed,ItemPainkiller,30Rnd_556x45_Stanag,ItemSodaPepsi,ItemMorphine,30Rnd_9x19_MP5SD,ItemJerrycan,PartGeneric],[1,1,2,1,1,1,1,2,1,1,1]]]:[false,false,false,false,true,false,true,9585.65,[],[0.101,0],0,[175.368,170.819]]:false:false:0:0:37904:0:[,amovpercmstpslowwrfldnon_player_idlesteady02,100]:0:0:GUE_Soldier_Crew_DZ:0:
2013-07-01 15:14:04 HiveExt: [Information] Result: ["PASS"]
2013-07-01 15:14:17 HiveExt: [Information] Method: 201 Params: 4:[13,[10355.9,1597.42,0.001]]:[]:[]:[false,false,false,false,true,false,true,9585.65,[],[0.101,0],0,[175.368,170.819]]:false:false:0:0:0:0:[,amovpercmstpslowwrfldnon_diary,42]:0:0::0:
2013-07-01 15:14:17 HiveExt: [Information] Result: ["PASS"]
2013-07-01 15:14:29 HiveExt: [Information] Method: 201 Params: 4:[69,[10355.9,1597.42,0.002]]:[]:[]:[false,false,false,false,true,false,true,9585.65,[],[0.101,0],0,[175.368,170.819]]:false:false:0:0:0:0:[,amovpercmstpslowwrfldnon_diary,42]:0:0::0:
2013-07-01 15:14:29 HiveExt: [Information] Result: ["PASS"]
2013-07-01 15:14:41 HiveExt: [Information] Method: 201 Params: 4:[69,[10355.9,1597.42,0.002]]:[]:[]:[false,false,false,false,true,false,true,9585.65,[],[0.101,0],0,[181.933,174.552]]:false:false:0:0:0:0:[,amovpercmstpslowwrfldnon_diary,42]:0:0::0:
2013-07-01 15:14:41 HiveExt: [Information] Result: ["PASS"]
2013-07-01 15:14:53 HiveExt: [Information] Method: 201 Params: 4:[144,[10355.9,1597.42,0.003]]:[]:[]:[false,false,false,false,true,false,true,9585.65,[],[0.101,0],0,[181.933,174.552]]:false:false:0:0:0:0:[,amovpercmstpslowwrfldnon_diary,42]:0:0::0:
2013-07-01 15:14:53 HiveExt: [Information] Result: ["PASS"]
2013-07-01 15:15:06 HiveExt: [Information] Method: 201 Params: 4:[144,[10355.9,1597.42,0.003]]:[]:[]:[false,false,true,true,true,false,true,8651.65,[aimpoint,lelbow,relbow,RightFoot],[0.499,0],0,[181.933,174.552]]:false:false:0:0:0:1:[,amovpercmstpslowwrfldnon_diary,42]:0:0::0:
2013-07-01 15:15:06 HiveExt: [Information] Result: ["PASS"]
2013-07-01 15:15:18 HiveExt: [Information] Method: 201 Params: 4:[144,[10355.9,1597.42,0.003]]:[]:[]:[false,false,true,true,true,false,true,6561.47,[aimpoint,lelbow,relbow,RightFoot],[0.531,0],0,[188.61,178.286]]:false:false:0:0:0:0:[,amovpercmstpslowwrfldnon_diary,42]:0:0::0:
2013-07-01 15:15:18 HiveExt: [Information] Result: ["PASS"]
2013-07-01 15:15:30 HiveExt: [Information] Method: 201 Params: 4:[144,[10355.7,1597.66,0.001]]:[]:[]:[false,true,true,true,true,false,true,4536.58,[aimpoint,lelbow,relbow,RightFoot,LeftFoot,pilot],[0.663,0],43,[188.61,178.286]]:false:false:0:0:0:0:[,,42]:0:0::0:
2013-07-01 15:15:30 HiveExt: [Information] Result: ["PASS"]
2013-07-01 15:15:42 HiveExt: [Information] Method: 201 Params: 4:[144,[10355.7,1597.66,0.001]]:[]:[]:[false,true,true,true,true,false,true,2036.32,[aimpoint,lelbow,relbow,RightFoot,LeftFoot,pilot],[0.745,0],43,[203.283,182.078]]:false:false:0:0:0:0:[,,42]:0:0::0:
2013-07-01 15:15:42 HiveExt: [Information] Result: ["PASS"]
2013-07-01 15:15:48 HiveExt: [Information] Method: 202 Params: 4:0:1:
2013-07-01 15:15:48 HiveExt: [Information] Result: ["PASS"]
2013-07-01 15:15:59 HiveExt: [Information] Method: 103 Params: 34006278:4:2:
2013-07-01 15:15:59 HiveExt: [Information] Result: ["PASS"]
2013-07-01 15:16:08 HiveExt: [Information] Method: 101 Params: 34006278:6:Romanta:
2013-07-01 15:16:08 HiveExt: [Information] Created a new character 13 for player 'Romanta' (34006278)
2013-07-01 15:16:08 HiveExt: [Information] Result: ["PASS",false,"13",0,"CZ_Special_Forces_GL_DES_EP1_DZ",0.96]
2013-07-01 15:16:08 HiveExt: [Information] Method: 203 Params: 13:[[ItemFlashlight],[ItemBandage,ItemPainkiller]]:[DZ_Patrol_Pack_EP1,[],[]]:
2013-07-01 15:16:08 HiveExt: [Information] Result: ["PASS"]
2013-07-01 15:16:11 HiveExt: [Information] Method: 102 Params: 13:
2013-07-01 15:16:11 HiveExt: [Information] Result: ["PASS",[],[0,0,0,0],[],[],14010,6]
2013-07-01 15:16:12 HiveExt: [Information] Method: 201 Params: 13:[0,[6139.44,1921.85,0.002]]:[[ItemFlashlight],[]]:[DZ_Patrol_Pack_EP1,[[],[]],[[],[]]]:[false,false,false,false,false,false,false,12000,[],[0,0],0,[0,0]]:false:false:0:0:34550:0:[,amovpercmstpsnonwnondnon_zevl,100]:0:0:SurvivorW2_DZ:0:
2013-07-01 15:16:12 HiveExt: [Information] Result: ["PASS"]
2013-07-01 15:16:12 HiveExt: [Information] Method: 103 Params: 34006278:13:0:
2013-07-01 15:16:12 HiveExt: [Information] Result: ["PASS"]
2013-07-01 15:16:24 HiveExt: [Information] Method: 201 Params: 13:[50,[6139.44,1922.22,0.002]]:[]:[]:[false,false,false,false,false,false,false,12000,[],[0,0],0,[0,0]]:false:false:0:0:0:0:[,amovppnemstpsnonwnondnon,36]:0:0::0:
2013-07-01 15:16:24 HiveExt: [Information] Result: ["PASS"]
2013-07-01 15:16:36 HiveExt: [Information] Method: 201 Params: 13:[134,[6139.44,1922.22,0.002]]:[]:[]:[false,false,false,false,false,false,false,12000,[],[0,0],0,[0,0]]:false:false:0:0:0:0:[,amovppnemstpsnonwnondnon,36]:0:0::0:
2013-07-01 15:16:36 HiveExt: [Information] Result: ["PASS"]
2013-07-01 15:16:38 HiveExt: [Information] Method: 307 Params: 
2013-07-01 15:16:38 HiveExt: [Information] Result: ["PASS",[2013,7,1,15,16]]
2013-07-01 15:16:48 HiveExt: [Information] Method: 201 Params: 13:[134,[6139.44,1922.22,0.002]]:[]:[]:[false,false,false,false,false,false,false,12000,[],[0,0],0,[0.05,3.257]]:false:false:0:0:0:0:[,amovppnemstpsnonwnondnon,36]:0:0::0:
2013-07-01 15:16:48 HiveExt: [Information] Result: ["PASS"]
2013-07-01 15:17:01 HiveExt: [Information] Method: 201 Params: 13:[134,[6139.44,1922.22,0.002]]:[]:[]:[false,false,false,false,false,false,false,12000,[],[0,0],0,[0.05,3.257]]:false:false:0:0:0:0:[,amovppnemstpsnonwnondnon,36]:0:0::0:
2013-07-01 15:17:01 HiveExt: [Information] Result: ["PASS"]
2013-07-01 15:17:13 HiveExt: [Information] Method: 201 Params: 13:[134,[6139.44,1922.22,0.002]]:[]:[]:[false,false,false,false,false,false,false,12000,[],[0,0],0,[0.05,3.257]]:false:false:0:0:0:1:[,amovppnemstpsnonwnondnon,36]:0:0::0:
2013-07-01 15:17:13 HiveExt: [Information] Result: ["PASS"]
2013-07-01 15:17:25 HiveExt: [Information] Method: 201 Params: 13:[134,[6139.44,1922.22,0.002]]:[]:[]:[false,false,false,false,false,false,false,12000,[],[0,0],0,[0.05,6.483]]:false:false:0:0:0:0:[,amovppnemstpsnonwnondnon,36]:0:0::0:
2013-07-01 15:17:25 HiveExt: [Information] Result: ["PASS"]
2013-07-01 15:17:37 HiveExt: [Information] Method: 201 Params: 13:[134,[6139.44,1922.22,0.002]]:[]:[]:[false,false,false,false,false,false,false,12000,[],[0,0],0,[0.05,6.483]]:false:false:0:0:0:0:[,amovppnemstpsnonwnondnon,36]:0:0::0:
2013-07-01 15:17:37 HiveExt: [Information] Result: ["PASS"]
2013-07-01 15:17:51 HiveExt: [Information] Method: 201 Params: 13:[134,[6139.44,1922.22,0.002]]:[]:[]:[false,false,false,false,false,false,false,12000,[],[0,0],0,[0.05,9.73]]:false:false:0:0:0:0:[,amovppnemstpsnonwnondnon,36]:0:0::0:
2013-07-01 15:17:51 HiveExt: [Information] Result: ["PASS"]
2013-07-01 15:18:03 HiveExt: [Information] Method: 201 Params: 13:[134,[6139.44,1922.22,0.002]]:[]:[]:[false,false,false,false,false,false,false,12000,[],[0,0],0,[0.05,9.73]]:false:false:0:0:0:0:[,amovppnemstpsnonwnondnon,37]:0:0::0:
2013-07-01 15:18:03 HiveExt: [Information] Result: ["PASS"]
2013-07-01 15:18:15 HiveExt: [Information] Method: 201 Params: 13:[134,[6139.44,1922.22,0.002]]:[]:[]:[false,false,false,false,false,false,false,12000,[],[0,0],0,[0.05,9.73]]:false:false:0:0:0:1:[,amovppnemstpsnonwnondnon,37]:0:0::0:
2013-07-01 15:18:15 HiveExt: [Information] Result: ["PASS"]
2013-07-01 15:18:27 HiveExt: [Information] Method: 201 Params: 13:[134,[6139.44,1922.22,0.002]]:[]:[]:[false,false,false,false,false,false,false,12000,[],[0,0],0,[0.05,12.996]]:false:false:0:0:0:0:[,amovppnemstpsnonwnondnon,37]:0:0::0:
2013-07-01 15:18:27 HiveExt: [Information] Result: ["PASS"]
2013-07-01 15:18:39 HiveExt: [Information] Method: 201 Params: 13:[134,[6139.44,1922.22,0.002]]:[]:[]:[false,false,false,false,false,false,false,12000,[],[0,0],0,[0.05,12.996]]:false:false:0:0:0:0:[,amovppnemstpsnonwnondnon,37]:0:0::0:
2013-07-01 15:18:39 HiveExt: [Information] Result: ["PASS"]
2013-07-01 15:18:52 HiveExt: [Information] Method: 201 Params: 13:[134,[6139.44,1922.22,0.002]]:[]:[]:[false,false,false,false,false,false,false,12000,[],[0,0],0,[0.05,16.283]]:false:false:0:0:0:0:[,amovppnemstpsnonwnondnon,37]:0:0::0:
2013-07-01 15:18:52 HiveExt: [Information] Result: ["PASS"]
2013-07-01 15:19:04 HiveExt: [Information] Method: 201 Params: 13:[134,[6139.44,1922.22,0.002]]:[]:[]:[false,false,false,false,false,false,false,12000,[],[0,0],0,[0.05,16.283]]:false:false:0:0:0:0:[,amovppnemstpsnonwnondnon,37]:0:0::0:
2013-07-01 15:19:04 HiveExt: [Information] Result: ["PASS"]
2013-07-01 15:19:16 HiveExt: [Information] Method: 201 Params: 13:[134,[6139.44,1922.22,0.002]]:[]:[]:[false,false,false,false,false,false,false,12000,[],[0,0],0,[0.05,16.283]]:false:false:0:0:0:1:[,amovppnemstpsnonwnondnon,37]:0:0::0:
2013-07-01 15:19:16 HiveExt: [Information] Result: ["PASS"]
2013-07-01 15:19:28 HiveExt: [Information] Method: 201 Params: 13:[134,[6139.44,1922.22,0.002]]:[]:[]:[false,false,false,false,false,false,false,12000,[],[0,0],0,[0.05,19.59]]:false:false:0:0:0:0:[,amovppnemstpsnonwnondnon,37]:0:0::0:
2013-07-01 15:19:28 HiveExt: [Information] Result: ["PASS"]
2013-07-01 15:19:40 HiveExt: [Information] Method: 201 Params: 13:[134,[6139.44,1922.22,0.002]]:[]:[]:[false,false,false,false,false,false,false,12000,[],[0,0],0,[0.05,19.59]]:false:false:0:0:0:0:[,amovppnemstpsnonwnondnon,37]:0:0::0:
2013-07-01 15:19:40 HiveExt: [Information] Result: ["PASS"]
2013-07-01 15:19:52 HiveExt: [Information] Method: 201 Params: 13:[134,[6139.44,1922.22,0.002]]:[]:[]:[false,false,false,false,false,false,false,12000,[],[0,0],0,[0.05,19.59]]:false:false:0:0:0:0:[,amovppnemstpsnonwnondnon,38]:0:0::0:
2013-07-01 15:19:52 HiveExt: [Information] Result: ["PASS"]
2013-07-01 15:20:04 HiveExt: [Information] Method: 201 Params: 13:[134,[6139.44,1922.22,0.002]]:[]:[]:[false,false,false,false,false,false,false,12000,[],[0,0],0,[0.05,22.916]]:false:false:0:0:0:0:[,amovppnemstpsnonwnondnon,38]:0:0::0:
2013-07-01 15:20:04 HiveExt: [Information] Result: ["PASS"]
2013-07-01 15:20:16 HiveExt: [Information] Method: 201 Params: 13:[134,[6139.44,1922.22,0.002]]:[]:[]:[false,false,false,false,false,false,false,12000,[],[0,0],0,[0.05,22.916]]:false:false:0:0:0:1:[,amovppnemstpsnonwnondnon,38]:0:0::0:
2013-07-01 15:20:16 HiveExt: [Information] Result: ["PASS"]
